android/BaseGameUtils/google_play_services_lib/build/outputs/logs/manifest-merger-debug-report.txt
-- Merging decision tree log ---
manifest
ADDED from src/main/AndroidManifest.xml:16:1-23:12
INJECTED from src/main/AndroidManifest.xml:16:1-23:12
INJECTED from src/main/AndroidManifest.xml:16:1-23:12
	package
		ADDED from src/main/AndroidManifest.xml:16:70-102
		INJECTED from src/main/AndroidManifest.xml
		INJECTED from src/main/AndroidManifest.xml
	xmlns:android
		ADDED from src/main/AndroidManifest.xml:16:11-69
uses-sdk
ADDED from src/main/AndroidManifest.xml:17:5-43
INJECTED from src/main/AndroidManifest.xml:17:5-43
INJECTED from src/main/AndroidManifest.xml:17:5-43
INJECTED from src/main/AndroidManifest.xml:17:5-43
INJECTED from src/main/AndroidManifest.xml:17:5-43
	android:targetSdkVersion
		INJECTED from src/main/AndroidManifest.xml
		ADDED from src/main/AndroidManifest.xml:17:5-43
		INJECTED from src/main/AndroidManifest.xml
	android:minSdkVersion
		ADDED from src/main/AndroidManifest.xml:17:15-41
		INJECTED from src/main/AndroidManifest.xml
		INJECTED from src/main/AndroidManifest.xml
application
ADDED from src/main/AndroidManifest.xml:19:5-21:19
meta-data#com.google.android.gms.version
ADDED from src/main/AndroidManifest.xml:20:9-121
	android:value
		ADDED from src/main/AndroidManifest.xml:20:66-119
	android:name
		ADDED from src/main/AndroidManifest.xml:20:20-65